2017-03-15 19:23:55 - PHP Notice:  Undefined index: thumb2 in D:\WebServer\OpenServer\domains\vinsantehnik.com.ua\catalog\view\theme\default\template\common\revmenu.tpl on line 51
2017-03-15 19:23:55 - PHP Notice:  Undefined index: thumb2 in D:\WebServer\OpenServer\domains\vinsantehnik.com.ua\catalog\view\theme\default\template\common\revmenu.tpl on line 51
2017-03-15 19:23:55 - PHP Notice:  Undefined index: thumb2 in D:\WebServer\OpenServer\domains\vinsantehnik.com.ua\catalog\view\theme\default\template\common\revmenu.tpl on line 51
2017-03-15 19:23:55 - PHP Notice:  Undefined index: thumb2 in D:\WebServer\OpenServer\domains\vinsantehnik.com.ua\catalog\view\theme\default\template\common\revmenu.tpl on line 51
2017-03-15 19:31:03 - PHP Notice:  Undefined index: thumb2 in D:\WebServer\OpenServer\domains\vinsantehnik.com.ua\catalog\view\theme\default\template\common\revmenu.tpl on line 51
2017-03-15 19:31:03 - PHP Notice:  Undefined index: thumb2 in D:\WebServer\OpenServer\domains\vinsantehnik.com.ua\catalog\view\theme\default\template\common\revmenu.tpl on line 51
2017-03-15 19:31:03 - PHP Notice:  Undefined index: thumb2 in D:\WebServer\OpenServer\domains\vinsantehnik.com.ua\catalog\view\theme\default\template\common\revmenu.tpl on line 51
2017-03-15 19:31:03 - PHP Notice:  Undefined index: thumb2 in D:\WebServer\OpenServer\domains\vinsantehnik.com.ua\catalog\view\theme\default\template\common\revmenu.tpl on line 51
2017-03-15 19:32:42 - PHP Notice:  Undefined index: thumb2 in D:\WebServer\OpenServer\domains\vinsantehnik.com.ua\catalog\view\theme\default\template\common\revmenu.tpl on line 51
2017-03-15 19:32:42 - PHP Notice:  Undefined index: thumb2 in D:\WebServer\OpenServer\domains\vinsantehnik.com.ua\catalog\view\theme\default\template\common\revmenu.tpl on line 51
2017-03-15 19:32:42 - PHP Notice:  Undefined index: thumb2 in D:\WebServer\OpenServer\domains\vinsantehnik.com.ua\catalog\view\theme\default\template\common\revmenu.tpl on line 51
2017-03-15 19:32:42 - PHP Notice:  Undefined index: thumb2 in D:\WebServer\OpenServer\domains\vinsantehnik.com.ua\catalog\view\theme\default\template\common\revmenu.tpl on line 51
2017-03-15 19:33:22 - PHP Notice:  Undefined index: thumb2 in D:\WebServer\OpenServer\domains\vinsantehnik.com.ua\catalog\view\theme\default\template\common\revmenu.tpl on line 51
2017-03-15 19:33:22 - PHP Notice:  Undefined index: thumb2 in D:\WebServer\OpenServer\domains\vinsantehnik.com.ua\catalog\view\theme\default\template\common\revmenu.tpl on line 51
2017-03-15 19:33:22 - PHP Notice:  Undefined index: thumb2 in D:\WebServer\OpenServer\domains\vinsantehnik.com.ua\catalog\view\theme\default\template\common\revmenu.tpl on line 51
2017-03-15 19:33:22 - PHP Notice:  Undefined index: thumb2 in D:\WebServer\OpenServer\domains\vinsantehnik.com.ua\catalog\view\theme\default\template\common\revmenu.tpl on line 51
2017-03-15 19:36:22 - PHP Notice:  Undefined index: thumb2 in D:\WebServer\OpenServer\domains\vinsantehnik.com.ua\catalog\view\theme\default\template\common\revmenu.tpl on line 51
2017-03-15 19:36:22 - PHP Notice:  Undefined index: thumb2 in D:\WebServer\OpenServer\domains\vinsantehnik.com.ua\catalog\view\theme\default\template\common\revmenu.tpl on line 51
2017-03-15 19:36:22 - PHP Notice:  Undefined index: thumb2 in D:\WebServer\OpenServer\domains\vinsantehnik.com.ua\catalog\view\theme\default\template\common\revmenu.tpl on line 51
2017-03-15 19:36:22 - PHP Notice:  Undefined index: thumb2 in D:\WebServer\OpenServer\domains\vinsantehnik.com.ua\catalog\view\theme\default\template\common\revmenu.tpl on line 51
2017-03-15 19:36:29 - PHP Notice:  Undefined index: thumb2 in D:\WebServer\OpenServer\domains\vinsantehnik.com.ua\catalog\view\theme\default\template\common\revmenu.tpl on line 51
2017-03-15 19:36:29 - PHP Notice:  Undefined index: thumb2 in D:\WebServer\OpenServer\domains\vinsantehnik.com.ua\catalog\view\theme\default\template\common\revmenu.tpl on line 51
2017-03-15 19:36:29 - PHP Notice:  Undefined index: thumb2 in D:\WebServer\OpenServer\domains\vinsantehnik.com.ua\catalog\view\theme\default\template\common\revmenu.tpl on line 51
2017-03-15 19:36:29 - PHP Notice:  Undefined index: thumb2 in D:\WebServer\OpenServer\domains\vinsantehnik.com.ua\catalog\view\theme\default\template\common\revmenu.tpl on line 51
2017-03-15 19:36:33 - PHP Notice:  Undefined index: thumb2 in D:\WebServer\OpenServer\domains\vinsantehnik.com.ua\catalog\view\theme\default\template\common\revmenu.tpl on line 51
2017-03-15 19:36:33 - PHP Notice:  Undefined index: thumb2 in D:\WebServer\OpenServer\domains\vinsantehnik.com.ua\catalog\view\theme\default\template\common\revmenu.tpl on line 51
2017-03-15 19:36:33 - PHP Notice:  Undefined index: thumb2 in D:\WebServer\OpenServer\domains\vinsantehnik.com.ua\catalog\view\theme\default\template\common\revmenu.tpl on line 51
2017-03-15 19:36:33 - PHP Notice:  Undefined index: thumb2 in D:\WebServer\OpenServer\domains\vinsantehnik.com.ua\catalog\view\theme\default\template\common\revmenu.tpl on line 51
2017-03-15 19:36:53 - PHP Notice:  Undefined index: thumb2 in D:\WebServer\OpenServer\domains\vinsantehnik.com.ua\catalog\view\theme\default\template\common\revmenu.tpl on line 51
2017-03-15 19:36:53 - PHP Notice:  Undefined index: thumb2 in D:\WebServer\OpenServer\domains\vinsantehnik.com.ua\catalog\view\theme\default\template\common\revmenu.tpl on line 51
2017-03-15 19:36:53 - PHP Notice:  Undefined index: thumb2 in D:\WebServer\OpenServer\domains\vinsantehnik.com.ua\catalog\view\theme\default\template\common\revmenu.tpl on line 51
2017-03-15 19:36:53 - PHP Notice:  Undefined index: thumb2 in D:\WebServer\OpenServer\domains\vinsantehnik.com.ua\catalog\view\theme\default\template\common\revmenu.tpl on line 51
2017-03-15 19:39:46 - PHP Notice:  Undefined index: thumb2 in D:\WebServer\OpenServer\domains\vinsantehnik.com.ua\catalog\view\theme\default\template\common\revmenu.tpl on line 51
2017-03-15 19:39:46 - PHP Notice:  Undefined index: thumb2 in D:\WebServer\OpenServer\domains\vinsantehnik.com.ua\catalog\view\theme\default\template\common\revmenu.tpl on line 51
2017-03-15 19:39:46 - PHP Notice:  Undefined index: thumb2 in D:\WebServer\OpenServer\domains\vinsantehnik.com.ua\catalog\view\theme\default\template\common\revmenu.tpl on line 51
2017-03-15 19:39:46 - PHP Notice:  Undefined index: thumb2 in D:\WebServer\OpenServer\domains\vinsantehnik.com.ua\catalog\view\theme\default\template\common\revmenu.tpl on line 51
2017-03-15 19:39:48 - PHP Notice:  Undefined index: thumb2 in D:\WebServer\OpenServer\domains\vinsantehnik.com.ua\catalog\view\theme\default\template\common\revmenu.tpl on line 51
2017-03-15 19:39:48 - PHP Notice:  Undefined index: thumb2 in D:\WebServer\OpenServer\domains\vinsantehnik.com.ua\catalog\view\theme\default\template\common\revmenu.tpl on line 51
2017-03-15 19:39:48 - PHP Notice:  Undefined index: thumb2 in D:\WebServer\OpenServer\domains\vinsantehnik.com.ua\catalog\view\theme\default\template\common\revmenu.tpl on line 51
2017-03-15 19:39:48 - PHP Notice:  Undefined index: thumb2 in D:\WebServer\OpenServer\domains\vinsantehnik.com.ua\catalog\view\theme\default\template\common\revmenu.tpl on line 51
2017-03-15 19:40:40 - PHP Notice:  Undefined index: thumb2 in D:\WebServer\OpenServer\domains\vinsantehnik.com.ua\catalog\view\theme\default\template\common\revmenu.tpl on line 51
2017-03-15 19:40:40 - PHP Notice:  Undefined index: thumb2 in D:\WebServer\OpenServer\domains\vinsantehnik.com.ua\catalog\view\theme\default\template\common\revmenu.tpl on line 51
2017-03-15 19:40:40 - PHP Notice:  Undefined index: thumb2 in D:\WebServer\OpenServer\domains\vinsantehnik.com.ua\catalog\view\theme\default\template\common\revmenu.tpl on line 51
2017-03-15 19:40:40 - PHP Notice:  Undefined index: thumb2 in D:\WebServer\OpenServer\domains\vinsantehnik.com.ua\catalog\view\theme\default\template\common\revmenu.tpl on line 51
2017-03-15 19:41:05 - PHP Notice:  Undefined index: thumb2 in D:\WebServer\OpenServer\domains\vinsantehnik.com.ua\catalog\view\theme\default\template\common\revmenu.tpl on line 51
2017-03-15 19:41:05 - PHP Notice:  Undefined index: thumb2 in D:\WebServer\OpenServer\domains\vinsantehnik.com.ua\catalog\view\theme\default\template\common\revmenu.tpl on line 51
2017-03-15 19:41:05 - PHP Notice:  Undefined index: thumb2 in D:\WebServer\OpenServer\domains\vinsantehnik.com.ua\catalog\view\theme\default\template\common\revmenu.tpl on line 51
2017-03-15 19:41:05 - PHP Notice:  Undefined index: thumb2 in D:\WebServer\OpenServer\domains\vinsantehnik.com.ua\catalog\view\theme\default\template\common\revmenu.tpl on line 51
2017-03-15 19:42:45 - PHP Notice:  Undefined index: thumb2 in D:\WebServer\OpenServer\domains\vinsantehnik.com.ua\catalog\view\theme\default\template\common\revmenu.tpl on line 51
2017-03-15 19:42:45 - PHP Notice:  Undefined index: thumb2 in D:\WebServer\OpenServer\domains\vinsantehnik.com.ua\catalog\view\theme\default\template\common\revmenu.tpl on line 51
2017-03-15 19:42:45 - PHP Notice:  Undefined index: thumb2 in D:\WebServer\OpenServer\domains\vinsantehnik.com.ua\catalog\view\theme\default\template\common\revmenu.tpl on line 51
2017-03-15 19:42:45 - PHP Notice:  Undefined index: thumb2 in D:\WebServer\OpenServer\domains\vinsantehnik.com.ua\catalog\view\theme\default\template\common\revmenu.tpl on line 51
2017-03-15 19:45:39 - PHP Notice:  Undefined index: thumb2 in D:\WebServer\OpenServer\domains\vinsantehnik.com.ua\catalog\view\theme\default\template\common\revmenu.tpl on line 51
2017-03-15 19:45:39 - PHP Notice:  Undefined index: thumb2 in D:\WebServer\OpenServer\domains\vinsantehnik.com.ua\catalog\view\theme\default\template\common\revmenu.tpl on line 51
2017-03-15 19:45:39 - PHP Notice:  Undefined index: thumb2 in D:\WebServer\OpenServer\domains\vinsantehnik.com.ua\catalog\view\theme\default\template\common\revmenu.tpl on line 51
2017-03-15 19:45:39 - PHP Notice:  Undefined index: thumb2 in D:\WebServer\OpenServer\domains\vinsantehnik.com.ua\catalog\view\theme\default\template\common\revmenu.tpl on line 51
2017-03-15 20:09:50 - PHP Notice:  Undefined index: thumb2 in D:\WebServer\OpenServer\domains\vinsantehnik.com.ua\catalog\view\theme\default\template\common\revmenu.tpl on line 51
2017-03-15 20:09:50 - PHP Notice:  Undefined index: thumb2 in D:\WebServer\OpenServer\domains\vinsantehnik.com.ua\catalog\view\theme\default\template\common\revmenu.tpl on line 51
2017-03-15 20:09:50 - PHP Notice:  Undefined index: thumb2 in D:\WebServer\OpenServer\domains\vinsantehnik.com.ua\catalog\view\theme\default\template\common\revmenu.tpl on line 51
2017-03-15 20:09:50 - PHP Notice:  Undefined index: thumb2 in D:\WebServer\OpenServer\domains\vinsantehnik.com.ua\catalog\view\theme\default\template\common\revmenu.tpl on line 51
2017-03-15 20:10:22 - PHP Notice:  Undefined index: thumb2 in D:\WebServer\OpenServer\domains\vinsantehnik.com.ua\catalog\view\theme\default\template\common\revmenu.tpl on line 51
2017-03-15 20:10:22 - PHP Notice:  Undefined index: thumb2 in D:\WebServer\OpenServer\domains\vinsantehnik.com.ua\catalog\view\theme\default\template\common\revmenu.tpl on line 51
2017-03-15 20:10:22 - PHP Notice:  Undefined index: thumb2 in D:\WebServer\OpenServer\domains\vinsantehnik.com.ua\catalog\view\theme\default\template\common\revmenu.tpl on line 51
2017-03-15 20:10:22 - PHP Notice:  Undefined index: thumb2 in D:\WebServer\OpenServer\domains\vinsantehnik.com.ua\catalog\view\theme\default\template\common\revmenu.tpl on line 51
2017-03-15 20:11:17 - PHP Notice:  Undefined index: thumb2 in D:\WebServer\OpenServer\domains\vinsantehnik.com.ua\catalog\view\theme\default\template\common\revmenu.tpl on line 51
2017-03-15 20:11:17 - PHP Notice:  Undefined index: thumb2 in D:\WebServer\OpenServer\domains\vinsantehnik.com.ua\catalog\view\theme\default\template\common\revmenu.tpl on line 51
2017-03-15 20:11:17 - PHP Notice:  Undefined index: thumb2 in D:\WebServer\OpenServer\domains\vinsantehnik.com.ua\catalog\view\theme\default\template\common\revmenu.tpl on line 51
2017-03-15 20:11:17 - PHP Notice:  Undefined index: thumb2 in D:\WebServer\OpenServer\domains\vinsantehnik.com.ua\catalog\view\theme\default\template\common\revmenu.tpl on line 51
2017-03-15 20:11:20 - PHP Notice:  Undefined index: thumb2 in D:\WebServer\OpenServer\domains\vinsantehnik.com.ua\catalog\view\theme\default\template\common\revmenu.tpl on line 51
2017-03-15 20:11:20 - PHP Notice:  Undefined index: thumb2 in D:\WebServer\OpenServer\domains\vinsantehnik.com.ua\catalog\view\theme\default\template\common\revmenu.tpl on line 51
2017-03-15 20:11:20 - PHP Notice:  Undefined index: thumb2 in D:\WebServer\OpenServer\domains\vinsantehnik.com.ua\catalog\view\theme\default\template\common\revmenu.tpl on line 51
2017-03-15 20:11:20 - PHP Notice:  Undefined index: thumb2 in D:\WebServer\OpenServer\domains\vinsantehnik.com.ua\catalog\view\theme\default\template\common\revmenu.tpl on line 51
2017-03-15 20:11:22 - PHP Notice:  Undefined index: thumb2 in D:\WebServer\OpenServer\domains\vinsantehnik.com.ua\catalog\view\theme\default\template\common\revmenu.tpl on line 51
2017-03-15 20:11:22 - PHP Notice:  Undefined index: thumb2 in D:\WebServer\OpenServer\domains\vinsantehnik.com.ua\catalog\view\theme\default\template\common\revmenu.tpl on line 51
2017-03-15 20:11:22 - PHP Notice:  Undefined index: thumb2 in D:\WebServer\OpenServer\domains\vinsantehnik.com.ua\catalog\view\theme\default\template\common\revmenu.tpl on line 51
2017-03-15 20:11:22 - PHP Notice:  Undefined index: thumb2 in D:\WebServer\OpenServer\domains\vinsantehnik.com.ua\catalog\view\theme\default\template\common\revmenu.tpl on line 51
2017-03-15 20:12:29 - PHP Notice:  Undefined index: thumb2 in D:\WebServer\OpenServer\domains\vinsantehnik.com.ua\catalog\view\theme\default\template\common\revmenu.tpl on line 51
2017-03-15 20:12:29 - PHP Notice:  Undefined index: thumb2 in D:\WebServer\OpenServer\domains\vinsantehnik.com.ua\catalog\view\theme\default\template\common\revmenu.tpl on line 51
2017-03-15 20:12:29 - PHP Notice:  Undefined index: thumb2 in D:\WebServer\OpenServer\domains\vinsantehnik.com.ua\catalog\view\theme\default\template\common\revmenu.tpl on line 51
2017-03-15 20:12:29 - PHP Notice:  Undefined index: thumb2 in D:\WebServer\OpenServer\domains\vinsantehnik.com.ua\catalog\view\theme\default\template\common\revmenu.tpl on line 51
2017-03-15 20:12:59 - PHP Notice:  Undefined index: thumb2 in D:\WebServer\OpenServer\domains\vinsantehnik.com.ua\catalog\view\theme\default\template\common\revmenu.tpl on line 51
2017-03-15 20:12:59 - PHP Notice:  Undefined index: thumb2 in D:\WebServer\OpenServer\domains\vinsantehnik.com.ua\catalog\view\theme\default\template\common\revmenu.tpl on line 51
2017-03-15 20:12:59 - PHP Notice:  Undefined index: thumb2 in D:\WebServer\OpenServer\domains\vinsantehnik.com.ua\catalog\view\theme\default\template\common\revmenu.tpl on line 51
2017-03-15 20:12:59 - PHP Notice:  Undefined index: thumb2 in D:\WebServer\OpenServer\domains\vinsantehnik.com.ua\catalog\view\theme\default\template\common\revmenu.tpl on line 51
2017-03-15 20:15:51 - PHP Notice:  Undefined index: thumb2 in D:\WebServer\OpenServer\domains\vinsantehnik.com.ua\catalog\view\theme\default\template\common\revmenu.tpl on line 51
2017-03-15 20:15:51 - PHP Notice:  Undefined index: thumb2 in D:\WebServer\OpenServer\domains\vinsantehnik.com.ua\catalog\view\theme\default\template\common\revmenu.tpl on line 51
2017-03-15 20:15:51 - PHP Notice:  Undefined index: thumb2 in D:\WebServer\OpenServer\domains\vinsantehnik.com.ua\catalog\view\theme\default\template\common\revmenu.tpl on line 51
2017-03-15 20:15:51 - PHP Notice:  Undefined index: thumb2 in D:\WebServer\OpenServer\domains\vinsantehnik.com.ua\catalog\view\theme\default\template\common\revmenu.tpl on line 51
2017-03-15 20:17:23 - PHP Notice:  Undefined index: thumb2 in D:\WebServer\OpenServer\domains\vinsantehnik.com.ua\catalog\view\theme\default\template\common\revmenu.tpl on line 51
2017-03-15 20:17:23 - PHP Notice:  Undefined index: thumb2 in D:\WebServer\OpenServer\domains\vinsantehnik.com.ua\catalog\view\theme\default\template\common\revmenu.tpl on line 51
2017-03-15 20:17:23 - PHP Notice:  Undefined index: thumb2 in D:\WebServer\OpenServer\domains\vinsantehnik.com.ua\catalog\view\theme\default\template\common\revmenu.tpl on line 51
2017-03-15 20:17:23 - PHP Notice:  Undefined index: thumb2 in D:\WebServer\OpenServer\domains\vinsantehnik.com.ua\catalog\view\theme\default\template\common\revmenu.tpl on line 51
2017-03-15 20:24:06 - PHP Notice:  Undefined index: thumb2 in D:\WebServer\OpenServer\domains\vinsantehnik.com.ua\catalog\view\theme\default\template\common\revmenu.tpl on line 51
2017-03-15 20:24:06 - PHP Notice:  Undefined index: thumb2 in D:\WebServer\OpenServer\domains\vinsantehnik.com.ua\catalog\view\theme\default\template\common\revmenu.tpl on line 51
2017-03-15 20:24:06 - PHP Notice:  Undefined index: thumb2 in D:\WebServer\OpenServer\domains\vinsantehnik.com.ua\catalog\view\theme\default\template\common\revmenu.tpl on line 51
2017-03-15 20:24:06 - PHP Notice:  Undefined index: thumb2 in D:\WebServer\OpenServer\domains\vinsantehnik.com.ua\catalog\view\theme\default\template\common\revmenu.tpl on line 51
2017-03-15 20:24:13 - PHP Notice:  Undefined index: thumb2 in D:\WebServer\OpenServer\domains\vinsantehnik.com.ua\catalog\view\theme\default\template\common\revmenu.tpl on line 51
2017-03-15 20:24:13 - PHP Notice:  Undefined index: thumb2 in D:\WebServer\OpenServer\domains\vinsantehnik.com.ua\catalog\view\theme\default\template\common\revmenu.tpl on line 51
2017-03-15 20:24:13 - PHP Notice:  Undefined index: thumb2 in D:\WebServer\OpenServer\domains\vinsantehnik.com.ua\catalog\view\theme\default\template\common\revmenu.tpl on line 51
2017-03-15 20:24:13 - PHP Notice:  Undefined index: thumb2 in D:\WebServer\OpenServer\domains\vinsantehnik.com.ua\catalog\view\theme\default\template\common\revmenu.tpl on line 51
2017-03-15 20:24:14 - PHP Notice:  Undefined variable: text_config_open in D:\WebServer\OpenServer\domains\vinsantehnik.com.ua\system\storage\modification\catalog\view\theme\default\template\common\header.tpl on line 135
2017-03-15 20:24:14 - PHP Notice:  Undefined variable: compare in D:\WebServer\OpenServer\domains\vinsantehnik.com.ua\system\storage\modification\catalog\view\theme\default\template\common\header.tpl on line 148
2017-03-15 20:24:14 - PHP Notice:  Undefined variable: text_compare in D:\WebServer\OpenServer\domains\vinsantehnik.com.ua\system\storage\modification\catalog\view\theme\default\template\common\header.tpl on line 148
2017-03-15 20:26:26 - PHP Notice:  Undefined index: thumb2 in D:\WebServer\OpenServer\domains\vinsantehnik.com.ua\catalog\view\theme\default\template\common\revmenu.tpl on line 51
2017-03-15 20:26:26 - PHP Notice:  Undefined index: thumb2 in D:\WebServer\OpenServer\domains\vinsantehnik.com.ua\catalog\view\theme\default\template\common\revmenu.tpl on line 51
2017-03-15 20:26:26 - PHP Notice:  Undefined index: thumb2 in D:\WebServer\OpenServer\domains\vinsantehnik.com.ua\catalog\view\theme\default\template\common\revmenu.tpl on line 51
2017-03-15 20:26:26 - PHP Notice:  Undefined index: thumb2 in D:\WebServer\OpenServer\domains\vinsantehnik.com.ua\catalog\view\theme\default\template\common\revmenu.tpl on line 51
2017-03-15 20:26:26 - PHP Notice:  Undefined variable: text_config_open in D:\WebServer\OpenServer\domains\vinsantehnik.com.ua\system\storage\modification\catalog\view\theme\default\template\common\header.tpl on line 135
2017-03-15 20:26:26 - PHP Notice:  Undefined variable: compare in D:\WebServer\OpenServer\domains\vinsantehnik.com.ua\system\storage\modification\catalog\view\theme\default\template\common\header.tpl on line 148
2017-03-15 20:26:26 - PHP Notice:  Undefined variable: text_compare in D:\WebServer\OpenServer\domains\vinsantehnik.com.ua\system\storage\modification\catalog\view\theme\default\template\common\header.tpl on line 148
2017-03-15 20:26:29 - PHP Notice:  Undefined index: thumb2 in D:\WebServer\OpenServer\domains\vinsantehnik.com.ua\catalog\view\theme\default\template\common\revmenu.tpl on line 51
2017-03-15 20:26:29 - PHP Notice:  Undefined index: thumb2 in D:\WebServer\OpenServer\domains\vinsantehnik.com.ua\catalog\view\theme\default\template\common\revmenu.tpl on line 51
2017-03-15 20:26:29 - PHP Notice:  Undefined index: thumb2 in D:\WebServer\OpenServer\domains\vinsantehnik.com.ua\catalog\view\theme\default\template\common\revmenu.tpl on line 51
2017-03-15 20:26:29 - PHP Notice:  Undefined index: thumb2 in D:\WebServer\OpenServer\domains\vinsantehnik.com.ua\catalog\view\theme\default\template\common\revmenu.tpl on line 51
2017-03-15 20:26:29 - PHP Notice:  Undefined variable: text_config_open in D:\WebServer\OpenServer\domains\vinsantehnik.com.ua\system\storage\modification\catalog\view\theme\default\template\common\header.tpl on line 135
2017-03-15 20:26:29 - PHP Notice:  Undefined variable: compare in D:\WebServer\OpenServer\domains\vinsantehnik.com.ua\system\storage\modification\catalog\view\theme\default\template\common\header.tpl on line 148
2017-03-15 20:26:29 - PHP Notice:  Undefined variable: text_compare in D:\WebServer\OpenServer\domains\vinsantehnik.com.ua\system\storage\modification\catalog\view\theme\default\template\common\header.tpl on line 148
2017-03-15 20:32:09 - PHP Notice:  Undefined index: thumb2 in D:\WebServer\OpenServer\domains\vinsantehnik.com.ua\catalog\view\theme\default\template\common\revmenu.tpl on line 51
2017-03-15 20:32:09 - PHP Notice:  Undefined index: thumb2 in D:\WebServer\OpenServer\domains\vinsantehnik.com.ua\catalog\view\theme\default\template\common\revmenu.tpl on line 51
2017-03-15 20:32:09 - PHP Notice:  Undefined index: thumb2 in D:\WebServer\OpenServer\domains\vinsantehnik.com.ua\catalog\view\theme\default\template\common\revmenu.tpl on line 51
2017-03-15 20:32:09 - PHP Notice:  Undefined index: thumb2 in D:\WebServer\OpenServer\domains\vinsantehnik.com.ua\catalog\view\theme\default\template\common\revmenu.tpl on line 51
2017-03-15 20:32:09 - PHP Notice:  Undefined variable: account in D:\WebServer\OpenServer\domains\vinsantehnik.com.ua\catalog\view\theme\default\template\common\revmenu.tpl on line 73
2017-03-15 20:32:09 - PHP Notice:  Undefined variable: text_account in D:\WebServer\OpenServer\domains\vinsantehnik.com.ua\catalog\view\theme\default\template\common\revmenu.tpl on line 73
2017-03-15 20:32:09 - PHP Notice:  Undefined variable: logged in D:\WebServer\OpenServer\domains\vinsantehnik.com.ua\catalog\view\theme\default\template\common\revmenu.tpl on line 75
2017-03-15 20:32:09 - PHP Notice:  Undefined variable: register in D:\WebServer\OpenServer\domains\vinsantehnik.com.ua\catalog\view\theme\default\template\common\revmenu.tpl on line 79
2017-03-15 20:32:09 - PHP Notice:  Undefined variable: text_register in D:\WebServer\OpenServer\domains\vinsantehnik.com.ua\catalog\view\theme\default\template\common\revmenu.tpl on line 79
2017-03-15 20:32:09 - PHP Notice:  Undefined variable: login in D:\WebServer\OpenServer\domains\vinsantehnik.com.ua\catalog\view\theme\default\template\common\revmenu.tpl on line 80
2017-03-15 20:32:09 - PHP Notice:  Undefined variable: text_login in D:\WebServer\OpenServer\domains\vinsantehnik.com.ua\catalog\view\theme\default\template\common\revmenu.tpl on line 80
2017-03-15 20:32:09 - PHP Notice:  Undefined variable: wishlist in D:\WebServer\OpenServer\domains\vinsantehnik.com.ua\catalog\view\theme\default\template\common\revmenu.tpl on line 82
2017-03-15 20:32:09 - PHP Notice:  Undefined variable: text_wishlist in D:\WebServer\OpenServer\domains\vinsantehnik.com.ua\catalog\view\theme\default\template\common\revmenu.tpl on line 82
2017-03-15 20:32:09 - PHP Notice:  Undefined variable: text_wishlist in D:\WebServer\OpenServer\domains\vinsantehnik.com.ua\catalog\view\theme\default\template\common\revmenu.tpl on line 82
2017-03-15 20:32:09 - PHP Notice:  Undefined variable: shopping_cart in D:\WebServer\OpenServer\domains\vinsantehnik.com.ua\catalog\view\theme\default\template\common\revmenu.tpl on line 83
2017-03-15 20:32:09 - PHP Notice:  Undefined variable: text_shopping_cart in D:\WebServer\OpenServer\domains\vinsantehnik.com.ua\catalog\view\theme\default\template\common\revmenu.tpl on line 83
2017-03-15 20:32:09 - PHP Notice:  Undefined variable: text_shopping_cart in D:\WebServer\OpenServer\domains\vinsantehnik.com.ua\catalog\view\theme\default\template\common\revmenu.tpl on line 83
2017-03-15 20:32:09 - PHP Notice:  Undefined variable: checkout in D:\WebServer\OpenServer\domains\vinsantehnik.com.ua\catalog\view\theme\default\template\common\revmenu.tpl on line 84
2017-03-15 20:32:09 - PHP Notice:  Undefined variable: text_checkout in D:\WebServer\OpenServer\domains\vinsantehnik.com.ua\catalog\view\theme\default\template\common\revmenu.tpl on line 84
2017-03-15 20:32:09 - PHP Notice:  Undefined variable: text_checkout in D:\WebServer\OpenServer\domains\vinsantehnik.com.ua\catalog\view\theme\default\template\common\revmenu.tpl on line 84
2017-03-15 20:32:09 - PHP Notice:  Undefined variable: text_config_open in D:\WebServer\OpenServer\domains\vinsantehnik.com.ua\system\storage\modification\catalog\view\theme\default\template\common\header.tpl on line 135
2017-03-15 20:32:09 - PHP Notice:  Undefined variable: compare in D:\WebServer\OpenServer\domains\vinsantehnik.com.ua\system\storage\modification\catalog\view\theme\default\template\common\header.tpl on line 148
2017-03-15 20:32:09 - PHP Notice:  Undefined variable: text_compare in D:\WebServer\OpenServer\domains\vinsantehnik.com.ua\system\storage\modification\catalog\view\theme\default\template\common\header.tpl on line 148
2017-03-15 20:33:47 - PHP Notice:  Undefined index: thumb2 in D:\WebServer\OpenServer\domains\vinsantehnik.com.ua\catalog\view\theme\default\template\common\revmenu.tpl on line 51
2017-03-15 20:33:47 - PHP Notice:  Undefined index: thumb2 in D:\WebServer\OpenServer\domains\vinsantehnik.com.ua\catalog\view\theme\default\template\common\revmenu.tpl on line 51
2017-03-15 20:33:47 - PHP Notice:  Undefined index: thumb2 in D:\WebServer\OpenServer\domains\vinsantehnik.com.ua\catalog\view\theme\default\template\common\revmenu.tpl on line 51
2017-03-15 20:33:47 - PHP Notice:  Undefined index: thumb2 in D:\WebServer\OpenServer\domains\vinsantehnik.com.ua\catalog\view\theme\default\template\common\revmenu.tpl on line 51
2017-03-15 20:33:47 - PHP Notice:  Undefined variable: text_config_open in D:\WebServer\OpenServer\domains\vinsantehnik.com.ua\system\storage\modification\catalog\view\theme\default\template\common\header.tpl on line 135
2017-03-15 20:33:47 - PHP Notice:  Undefined variable: compare in D:\WebServer\OpenServer\domains\vinsantehnik.com.ua\system\storage\modification\catalog\view\theme\default\template\common\header.tpl on line 148
2017-03-15 20:33:47 - PHP Notice:  Undefined variable: text_compare in D:\WebServer\OpenServer\domains\vinsantehnik.com.ua\system\storage\modification\catalog\view\theme\default\template\common\header.tpl on line 148
2017-03-15 20:34:14 - PHP Notice:  Undefined index: thumb2 in D:\WebServer\OpenServer\domains\vinsantehnik.com.ua\catalog\view\theme\default\template\common\revmenu.tpl on line 51
2017-03-15 20:34:14 - PHP Notice:  Undefined index: thumb2 in D:\WebServer\OpenServer\domains\vinsantehnik.com.ua\catalog\view\theme\default\template\common\revmenu.tpl on line 51
2017-03-15 20:34:14 - PHP Notice:  Undefined index: thumb2 in D:\WebServer\OpenServer\domains\vinsantehnik.com.ua\catalog\view\theme\default\template\common\revmenu.tpl on line 51
2017-03-15 20:34:14 - PHP Notice:  Undefined index: thumb2 in D:\WebServer\OpenServer\domains\vinsantehnik.com.ua\catalog\view\theme\default\template\common\revmenu.tpl on line 51
2017-03-15 20:34:14 - PHP Notice:  Undefined variable: text_config_open in D:\WebServer\OpenServer\domains\vinsantehnik.com.ua\system\storage\modification\catalog\view\theme\default\template\common\header.tpl on line 135
2017-03-15 20:34:14 - PHP Notice:  Undefined variable: compare in D:\WebServer\OpenServer\domains\vinsantehnik.com.ua\system\storage\modification\catalog\view\theme\default\template\common\header.tpl on line 148
2017-03-15 20:34:14 - PHP Notice:  Undefined variable: text_compare in D:\WebServer\OpenServer\domains\vinsantehnik.com.ua\system\storage\modification\catalog\view\theme\default\template\common\header.tpl on line 148
2017-03-15 20:34:16 - PHP Notice:  Undefined index: thumb2 in D:\WebServer\OpenServer\domains\vinsantehnik.com.ua\catalog\view\theme\default\template\common\revmenu.tpl on line 51
2017-03-15 20:34:16 - PHP Notice:  Undefined index: thumb2 in D:\WebServer\OpenServer\domains\vinsantehnik.com.ua\catalog\view\theme\default\template\common\revmenu.tpl on line 51
2017-03-15 20:34:16 - PHP Notice:  Undefined index: thumb2 in D:\WebServer\OpenServer\domains\vinsantehnik.com.ua\catalog\view\theme\default\template\common\revmenu.tpl on line 51
2017-03-15 20:34:16 - PHP Notice:  Undefined index: thumb2 in D:\WebServer\OpenServer\domains\vinsantehnik.com.ua\catalog\view\theme\default\template\common\revmenu.tpl on line 51
2017-03-15 20:34:16 - PHP Notice:  Undefined variable: text_config_open in D:\WebServer\OpenServer\domains\vinsantehnik.com.ua\system\storage\modification\catalog\view\theme\default\template\common\header.tpl on line 135
2017-03-15 20:34:16 - PHP Notice:  Undefined variable: compare in D:\WebServer\OpenServer\domains\vinsantehnik.com.ua\system\storage\modification\catalog\view\theme\default\template\common\header.tpl on line 148
2017-03-15 20:34:16 - PHP Notice:  Undefined variable: text_compare in D:\WebServer\OpenServer\domains\vinsantehnik.com.ua\system\storage\modification\catalog\view\theme\default\template\common\header.tpl on line 148
2017-03-15 20:35:40 - PHP Notice:  Undefined index: thumb2 in D:\WebServer\OpenServer\domains\vinsantehnik.com.ua\catalog\view\theme\default\template\common\revmenu.tpl on line 51
2017-03-15 20:35:40 - PHP Notice:  Undefined index: thumb2 in D:\WebServer\OpenServer\domains\vinsantehnik.com.ua\catalog\view\theme\default\template\common\revmenu.tpl on line 51
2017-03-15 20:35:40 - PHP Notice:  Undefined index: thumb2 in D:\WebServer\OpenServer\domains\vinsantehnik.com.ua\catalog\view\theme\default\template\common\revmenu.tpl on line 51
2017-03-15 20:35:40 - PHP Notice:  Undefined index: thumb2 in D:\WebServer\OpenServer\domains\vinsantehnik.com.ua\catalog\view\theme\default\template\common\revmenu.tpl on line 51
2017-03-15 20:35:40 - PHP Notice:  Undefined variable: text_config_open in D:\WebServer\OpenServer\domains\vinsantehnik.com.ua\system\storage\modification\catalog\view\theme\default\template\common\header.tpl on line 135
2017-03-15 20:35:40 - PHP Notice:  Undefined variable: compare in D:\WebServer\OpenServer\domains\vinsantehnik.com.ua\system\storage\modification\catalog\view\theme\default\template\common\header.tpl on line 148
2017-03-15 20:35:40 - PHP Notice:  Undefined variable: text_compare in D:\WebServer\OpenServer\domains\vinsantehnik.com.ua\system\storage\modification\catalog\view\theme\default\template\common\header.tpl on line 148
2017-03-15 20:38:09 - PHP Notice:  Undefined index: thumb2 in D:\WebServer\OpenServer\domains\vinsantehnik.com.ua\catalog\view\theme\default\template\common\revmenu.tpl on line 51
2017-03-15 20:38:09 - PHP Notice:  Undefined index: thumb2 in D:\WebServer\OpenServer\domains\vinsantehnik.com.ua\catalog\view\theme\default\template\common\revmenu.tpl on line 51
2017-03-15 20:38:09 - PHP Notice:  Undefined index: thumb2 in D:\WebServer\OpenServer\domains\vinsantehnik.com.ua\catalog\view\theme\default\template\common\revmenu.tpl on line 51
2017-03-15 20:38:09 - PHP Notice:  Undefined index: thumb2 in D:\WebServer\OpenServer\domains\vinsantehnik.com.ua\catalog\view\theme\default\template\common\revmenu.tpl on line 51
2017-03-15 20:40:35 - PHP Notice:  Undefined index: thumb2 in D:\WebServer\OpenServer\domains\vinsantehnik.com.ua\catalog\view\theme\default\template\common\revmenu.tpl on line 51
2017-03-15 20:40:35 - PHP Notice:  Undefined index: thumb2 in D:\WebServer\OpenServer\domains\vinsantehnik.com.ua\catalog\view\theme\default\template\common\revmenu.tpl on line 51
2017-03-15 20:40:35 - PHP Notice:  Undefined index: thumb2 in D:\WebServer\OpenServer\domains\vinsantehnik.com.ua\catalog\view\theme\default\template\common\revmenu.tpl on line 51
2017-03-15 20:40:35 - PHP Notice:  Undefined index: thumb2 in D:\WebServer\OpenServer\domains\vinsantehnik.com.ua\catalog\view\theme\default\template\common\revmenu.tpl on line 51
2017-03-15 20:40:39 - PHP Notice:  Undefined index: thumb2 in D:\WebServer\OpenServer\domains\vinsantehnik.com.ua\catalog\view\theme\default\template\common\revmenu.tpl on line 51
2017-03-15 20:40:39 - PHP Notice:  Undefined index: thumb2 in D:\WebServer\OpenServer\domains\vinsantehnik.com.ua\catalog\view\theme\default\template\common\revmenu.tpl on line 51
2017-03-15 20:40:39 - PHP Notice:  Undefined index: thumb2 in D:\WebServer\OpenServer\domains\vinsantehnik.com.ua\catalog\view\theme\default\template\common\revmenu.tpl on line 51
2017-03-15 20:40:39 - PHP Notice:  Undefined index: thumb2 in D:\WebServer\OpenServer\domains\vinsantehnik.com.ua\catalog\view\theme\default\template\common\revmenu.tpl on line 51
2017-03-15 20:40:43 - PHP Notice:  Undefined index: thumb2 in D:\WebServer\OpenServer\domains\vinsantehnik.com.ua\catalog\view\theme\default\template\common\revmenu.tpl on line 51
2017-03-15 20:40:43 - PHP Notice:  Undefined index: thumb2 in D:\WebServer\OpenServer\domains\vinsantehnik.com.ua\catalog\view\theme\default\template\common\revmenu.tpl on line 51
2017-03-15 20:40:43 - PHP Notice:  Undefined index: thumb2 in D:\WebServer\OpenServer\domains\vinsantehnik.com.ua\catalog\view\theme\default\template\common\revmenu.tpl on line 51
2017-03-15 20:40:43 - PHP Notice:  Undefined index: thumb2 in D:\WebServer\OpenServer\domains\vinsantehnik.com.ua\catalog\view\theme\default\template\common\revmenu.tpl on line 51
2017-03-15 20:41:52 - PHP Notice:  Undefined index: thumb2 in D:\WebServer\OpenServer\domains\vinsantehnik.com.ua\catalog\view\theme\default\template\common\revmenu.tpl on line 51
2017-03-15 20:41:52 - PHP Notice:  Undefined index: thumb2 in D:\WebServer\OpenServer\domains\vinsantehnik.com.ua\catalog\view\theme\default\template\common\revmenu.tpl on line 51
2017-03-15 20:41:52 - PHP Notice:  Undefined index: thumb2 in D:\WebServer\OpenServer\domains\vinsantehnik.com.ua\catalog\view\theme\default\template\common\revmenu.tpl on line 51
2017-03-15 20:41:52 - PHP Notice:  Undefined index: thumb2 in D:\WebServer\OpenServer\domains\vinsantehnik.com.ua\catalog\view\theme\default\template\common\revmenu.tpl on line 51
2017-03-15 20:43:30 - PHP Notice:  Undefined index: thumb2 in D:\WebServer\OpenServer\domains\vinsantehnik.com.ua\catalog\view\theme\default\template\common\revmenu.tpl on line 51
2017-03-15 20:43:30 - PHP Notice:  Undefined index: thumb2 in D:\WebServer\OpenServer\domains\vinsantehnik.com.ua\catalog\view\theme\default\template\common\revmenu.tpl on line 51
2017-03-15 20:43:30 - PHP Notice:  Undefined index: thumb2 in D:\WebServer\OpenServer\domains\vinsantehnik.com.ua\catalog\view\theme\default\template\common\revmenu.tpl on line 51
2017-03-15 20:43:30 - PHP Notice:  Undefined index: thumb2 in D:\WebServer\OpenServer\domains\vinsantehnik.com.ua\catalog\view\theme\default\template\common\revmenu.tpl on line 51
2017-03-15 20:45:13 - PHP Notice:  Undefined index: thumb2 in D:\WebServer\OpenServer\domains\vinsantehnik.com.ua\catalog\view\theme\default\template\common\revmenu.tpl on line 51
2017-03-15 20:45:13 - PHP Notice:  Undefined index: thumb2 in D:\WebServer\OpenServer\domains\vinsantehnik.com.ua\catalog\view\theme\default\template\common\revmenu.tpl on line 51
2017-03-15 20:45:13 - PHP Notice:  Undefined index: thumb2 in D:\WebServer\OpenServer\domains\vinsantehnik.com.ua\catalog\view\theme\default\template\common\revmenu.tpl on line 51
2017-03-15 20:45:13 - PHP Notice:  Undefined index: thumb2 in D:\WebServer\OpenServer\domains\vinsantehnik.com.ua\catalog\view\theme\default\template\common\revmenu.tpl on line 51
2017-03-15 20:49:28 - PHP Notice:  Undefined index: thumb2 in D:\WebServer\OpenServer\domains\vinsantehnik.com.ua\catalog\view\theme\default\template\common\revmenu.tpl on line 51
2017-03-15 20:49:28 - PHP Notice:  Undefined index: thumb2 in D:\WebServer\OpenServer\domains\vinsantehnik.com.ua\catalog\view\theme\default\template\common\revmenu.tpl on line 51
2017-03-15 20:49:28 - PHP Notice:  Undefined index: thumb2 in D:\WebServer\OpenServer\domains\vinsantehnik.com.ua\catalog\view\theme\default\template\common\revmenu.tpl on line 51
2017-03-15 20:49:28 - PHP Notice:  Undefined index: thumb2 in D:\WebServer\OpenServer\domains\vinsantehnik.com.ua\catalog\view\theme\default\template\common\revmenu.tpl on line 51
2017-03-15 20:49:30 - PHP Notice:  Undefined index: thumb2 in D:\WebServer\OpenServer\domains\vinsantehnik.com.ua\catalog\view\theme\default\template\common\revmenu.tpl on line 51
2017-03-15 20:49:30 - PHP Notice:  Undefined index: thumb2 in D:\WebServer\OpenServer\domains\vinsantehnik.com.ua\catalog\view\theme\default\template\common\revmenu.tpl on line 51
2017-03-15 20:49:30 - PHP Notice:  Undefined index: thumb2 in D:\WebServer\OpenServer\domains\vinsantehnik.com.ua\catalog\view\theme\default\template\common\revmenu.tpl on line 51
2017-03-15 20:49:30 - PHP Notice:  Undefined index: thumb2 in D:\WebServer\OpenServer\domains\vinsantehnik.com.ua\catalog\view\theme\default\template\common\revmenu.tpl on line 51
2017-03-15 20:50:13 - PHP Notice:  Undefined index: thumb2 in D:\WebServer\OpenServer\domains\vinsantehnik.com.ua\catalog\view\theme\default\template\common\revmenu.tpl on line 51
2017-03-15 20:50:13 - PHP Notice:  Undefined index: thumb2 in D:\WebServer\OpenServer\domains\vinsantehnik.com.ua\catalog\view\theme\default\template\common\revmenu.tpl on line 51
2017-03-15 20:50:13 - PHP Notice:  Undefined index: thumb2 in D:\WebServer\OpenServer\domains\vinsantehnik.com.ua\catalog\view\theme\default\template\common\revmenu.tpl on line 51
2017-03-15 20:50:13 - PHP Notice:  Undefined index: thumb2 in D:\WebServer\OpenServer\domains\vinsantehnik.com.ua\catalog\view\theme\default\template\common\revmenu.tpl on line 51
2017-03-15 20:51:57 - PHP Notice:  Undefined index: thumb2 in D:\WebServer\OpenServer\domains\vinsantehnik.com.ua\catalog\view\theme\default\template\common\revmenu.tpl on line 51
2017-03-15 20:51:57 - PHP Notice:  Undefined index: thumb2 in D:\WebServer\OpenServer\domains\vinsantehnik.com.ua\catalog\view\theme\default\template\common\revmenu.tpl on line 51
2017-03-15 20:51:57 - PHP Notice:  Undefined index: thumb2 in D:\WebServer\OpenServer\domains\vinsantehnik.com.ua\catalog\view\theme\default\template\common\revmenu.tpl on line 51
2017-03-15 20:51:57 - PHP Notice:  Undefined index: thumb2 in D:\WebServer\OpenServer\domains\vinsantehnik.com.ua\catalog\view\theme\default\template\common\revmenu.tpl on line 51
2017-03-15 20:53:32 - PHP Notice:  Undefined index: thumb2 in D:\WebServer\OpenServer\domains\vinsantehnik.com.ua\catalog\view\theme\default\template\common\revmenu.tpl on line 51
2017-03-15 20:53:32 - PHP Notice:  Undefined index: thumb2 in D:\WebServer\OpenServer\domains\vinsantehnik.com.ua\catalog\view\theme\default\template\common\revmenu.tpl on line 51
2017-03-15 20:53:32 - PHP Notice:  Undefined index: thumb2 in D:\WebServer\OpenServer\domains\vinsantehnik.com.ua\catalog\view\theme\default\template\common\revmenu.tpl on line 51
2017-03-15 20:53:32 - PHP Notice:  Undefined index: thumb2 in D:\WebServer\OpenServer\domains\vinsantehnik.com.ua\catalog\view\theme\default\template\common\revmenu.tpl on line 51
2017-03-15 20:54:24 - PHP Notice:  Undefined index: thumb2 in D:\WebServer\OpenServer\domains\vinsantehnik.com.ua\catalog\view\theme\default\template\common\revmenu.tpl on line 51
2017-03-15 20:54:24 - PHP Notice:  Undefined index: thumb2 in D:\WebServer\OpenServer\domains\vinsantehnik.com.ua\catalog\view\theme\default\template\common\revmenu.tpl on line 51
2017-03-15 20:54:24 - PHP Notice:  Undefined index: thumb2 in D:\WebServer\OpenServer\domains\vinsantehnik.com.ua\catalog\view\theme\default\template\common\revmenu.tpl on line 51
2017-03-15 20:54:24 - PHP Notice:  Undefined index: thumb2 in D:\WebServer\OpenServer\domains\vinsantehnik.com.ua\catalog\view\theme\default\template\common\revmenu.tpl on line 51
2017-03-15 20:55:44 - PHP Notice:  Undefined index: thumb2 in D:\WebServer\OpenServer\domains\vinsantehnik.com.ua\catalog\view\theme\default\template\common\revmenu.tpl on line 51
2017-03-15 20:55:44 - PHP Notice:  Undefined index: thumb2 in D:\WebServer\OpenServer\domains\vinsantehnik.com.ua\catalog\view\theme\default\template\common\revmenu.tpl on line 51
2017-03-15 20:55:44 - PHP Notice:  Undefined index: thumb2 in D:\WebServer\OpenServer\domains\vinsantehnik.com.ua\catalog\view\theme\default\template\common\revmenu.tpl on line 51
2017-03-15 20:55:44 - PHP Notice:  Undefined index: thumb2 in D:\WebServer\OpenServer\domains\vinsantehnik.com.ua\catalog\view\theme\default\template\common\revmenu.tpl on line 51
2017-03-15 20:57:29 - PHP Notice:  Undefined index: thumb2 in D:\WebServer\OpenServer\domains\vinsantehnik.com.ua\catalog\view\theme\default\template\common\revmenu.tpl on line 51
2017-03-15 20:57:29 - PHP Notice:  Undefined index: thumb2 in D:\WebServer\OpenServer\domains\vinsantehnik.com.ua\catalog\view\theme\default\template\common\revmenu.tpl on line 51
2017-03-15 20:57:29 - PHP Notice:  Undefined index: thumb2 in D:\WebServer\OpenServer\domains\vinsantehnik.com.ua\catalog\view\theme\default\template\common\revmenu.tpl on line 51
2017-03-15 20:57:29 - PHP Notice:  Undefined index: thumb2 in D:\WebServer\OpenServer\domains\vinsantehnik.com.ua\catalog\view\theme\default\template\common\revmenu.tpl on line 51
2017-03-15 21:00:15 - PHP Notice:  Undefined index: thumb2 in D:\WebServer\OpenServer\domains\vinsantehnik.com.ua\catalog\view\theme\default\template\common\revmenu.tpl on line 51
2017-03-15 21:00:15 - PHP Notice:  Undefined index: thumb2 in D:\WebServer\OpenServer\domains\vinsantehnik.com.ua\catalog\view\theme\default\template\common\revmenu.tpl on line 51
2017-03-15 21:00:15 - PHP Notice:  Undefined index: thumb2 in D:\WebServer\OpenServer\domains\vinsantehnik.com.ua\catalog\view\theme\default\template\common\revmenu.tpl on line 51
2017-03-15 21:00:15 - PHP Notice:  Undefined index: thumb2 in D:\WebServer\OpenServer\domains\vinsantehnik.com.ua\catalog\view\theme\default\template\common\revmenu.tpl on line 51
2017-03-15 21:00:32 - PHP Notice:  Undefined index: thumb2 in D:\WebServer\OpenServer\domains\vinsantehnik.com.ua\catalog\view\theme\default\template\common\revmenu.tpl on line 51
2017-03-15 21:00:32 - PHP Notice:  Undefined index: thumb2 in D:\WebServer\OpenServer\domains\vinsantehnik.com.ua\catalog\view\theme\default\template\common\revmenu.tpl on line 51
2017-03-15 21:00:32 - PHP Notice:  Undefined index: thumb2 in D:\WebServer\OpenServer\domains\vinsantehnik.com.ua\catalog\view\theme\default\template\common\revmenu.tpl on line 51
2017-03-15 21:00:32 - PHP Notice:  Undefined index: thumb2 in D:\WebServer\OpenServer\domains\vinsantehnik.com.ua\catalog\view\theme\default\template\common\revmenu.tpl on line 51
2017-03-15 21:01:13 - PHP Notice:  Undefined index: thumb2 in D:\WebServer\OpenServer\domains\vinsantehnik.com.ua\catalog\view\theme\default\template\common\revmenu.tpl on line 51
2017-03-15 21:01:13 - PHP Notice:  Undefined index: thumb2 in D:\WebServer\OpenServer\domains\vinsantehnik.com.ua\catalog\view\theme\default\template\common\revmenu.tpl on line 51
2017-03-15 21:01:13 - PHP Notice:  Undefined index: thumb2 in D:\WebServer\OpenServer\domains\vinsantehnik.com.ua\catalog\view\theme\default\template\common\revmenu.tpl on line 51
2017-03-15 21:01:13 - PHP Notice:  Undefined index: thumb2 in D:\WebServer\OpenServer\domains\vinsantehnik.com.ua\catalog\view\theme\default\template\common\revmenu.tpl on line 51
2017-03-15 21:02:00 - PHP Notice:  Undefined index: thumb2 in D:\WebServer\OpenServer\domains\vinsantehnik.com.ua\catalog\view\theme\default\template\common\revmenu.tpl on line 51
2017-03-15 21:02:00 - PHP Notice:  Undefined index: thumb2 in D:\WebServer\OpenServer\domains\vinsantehnik.com.ua\catalog\view\theme\default\template\common\revmenu.tpl on line 51
2017-03-15 21:02:00 - PHP Notice:  Undefined index: thumb2 in D:\WebServer\OpenServer\domains\vinsantehnik.com.ua\catalog\view\theme\default\template\common\revmenu.tpl on line 51
2017-03-15 21:02:00 - PHP Notice:  Undefined index: thumb2 in D:\WebServer\OpenServer\domains\vinsantehnik.com.ua\catalog\view\theme\default\template\common\revmenu.tpl on line 51
